<?xml version="1.0" encoding="UTF-8"?>
<!-- Generated by org.testng.reporters.JUnitXMLReporter -->
<testsuite ignored="16" hostname="LAPTOP-C4C8A1FN" failures="0" tests="8" name="Test" time="209.2" errors="0" timestamp="2022-07-16T18:07:12 BDT">
  <testcase classname="testCaseAndPackageAdvance.TC001" name="SignIn" time="11.117"/>
  <testcase classname="testCaseAndPackageAdvance.TC003" name="ForgetandSignin" time="13.583"/>
  <testcase classname="testCaseAndPackageAdvance.TC002" name="VisitButton" time="5.713"/>
  <testcase classname="testCaseAndPackageAdvance.TC005" name="checkRadioandBox" time="21.021"/>
  <testcase classname="testCaseAndPackageAdvance.TC004" name="GetTitleAndSecurity" time="6.866"/>
  <testcase classname="testCaseAndPackageAdvance.TC007" name="Dropdown" time="32.639"/>
  <testcase classname="testCaseAndPackageAdvance.TC006" name="ScrollandRefresh" time="90.243"/>
  <testcase classname="testCaseAndPackageAdvance.TC008" name="ActionSelection" time="27.439"/>
  <testcase classname="webdriver.Basedriver" name="@AfterSuite tearDown" time="0.0">
    <ignored/>
  </testcase> <!-- @AfterSuite tearDown -->
  <testcase classname="webdriver.Basedriver" name="@BeforeSuite setup" time="0.0">
    <ignored/>
  </testcase> <!-- @BeforeSuite setup -->
  <testcase classname="webdriver.Basedriver" name="@BeforeSuite setup" time="0.0">
    <ignored/>
  </testcase> <!-- @BeforeSuite setup -->
  <testcase classname="webdriver.Basedriver" name="@AfterSuite tearDown" time="0.0">
    <ignored/>
  </testcase> <!-- @AfterSuite tearDown -->
  <testcase classname="webdriver.Basedriver" name="@BeforeSuite setup" time="0.0">
    <ignored/>
  </testcase> <!-- @BeforeSuite setup -->
  <testcase classname="webdriver.Basedriver" name="@BeforeSuite setup" time="0.0">
    <ignored/>
  </testcase> <!-- @BeforeSuite setup -->
  <testcase classname="webdriver.Basedriver" name="@BeforeSuite setup" time="0.0">
    <ignored/>
  </testcase> <!-- @BeforeSuite setup -->
  <testcase classname="webdriver.Basedriver" name="@AfterSuite tearDown" time="0.0">
    <ignored/>
  </testcase> <!-- @AfterSuite tearDown -->
  <testcase classname="webdriver.Basedriver" name="@AfterSuite tearDown" time="0.0">
    <ignored/>
  </testcase> <!-- @AfterSuite tearDown -->
  <testcase classname="webdriver.Basedriver" name="@AfterSuite tearDown" time="0.0">
    <ignored/>
  </testcase> <!-- @AfterSuite tearDown -->
  <testcase classname="webdriver.Basedriver" name="@AfterSuite tearDown" time="0.0">
    <ignored/>
  </testcase> <!-- @AfterSuite tearDown -->
  <testcase classname="webdriver.Basedriver" name="@AfterSuite tearDown" time="0.0">
    <ignored/>
  </testcase> <!-- @AfterSuite tearDown -->
  <testcase classname="webdriver.Basedriver" name="@AfterSuite tearDown" time="0.0">
    <ignored/>
  </testcase> <!-- @AfterSuite tearDown -->
  <testcase classname="webdriver.Basedriver" name="@BeforeSuite setup" time="0.0">
    <ignored/>
  </testcase> <!-- @BeforeSuite setup -->
  <testcase classname="webdriver.Basedriver" name="@BeforeSuite setup" time="0.0">
    <ignored/>
  </testcase> <!-- @BeforeSuite setup -->
  <testcase classname="webdriver.Basedriver" name="@BeforeSuite setup" time="0.0">
    <ignored/>
  </testcase> <!-- @BeforeSuite setup -->
</testsuite> <!-- Test -->
