<?xml version="1.0" encoding="UTF-8"?>
<testng-results ignored="16" total="24" passed="8" failed="0" skipped="0">
  <reporter-output>
  </reporter-output>
  <suite started-at="2022-07-16T18:03:43 BDT" name="Suite" finished-at="2022-07-16T18:07:12 BDT" duration-ms="209200">
    <groups>
    </groups>
    <test started-at="2022-07-16T18:03:43 BDT" name="Test" finished-at="2022-07-16T18:07:12 BDT" duration-ms="209200">
      <class name="testCaseAndPackageAdvance.TC003">
        <test-method signature="ForgetandSignin()[pri:0, instance:testCaseAndPackageAdvance.TC003@600b90df]" started-at="2022-07-16T18:03:54 BDT" name="ForgetandSignin" finished-at="2022-07-16T18:04:08 BDT" duration-ms="13583" status="PASS">
          <reporter-output>
          </reporter-output>
        </test-method> <!-- ForgetandSignin -->
      </class> <!-- testCaseAndPackageAdvance.TC003 -->
      <class name="testCaseAndPackageAdvance.TC002">
        <test-method signature="VisitButton()[pri:0, instance:testCaseAndPackageAdvance.TC002@7c8c9a05]" started-at="2022-07-16T18:04:08 BDT" name="VisitButton" finished-at="2022-07-16T18:04:14 BDT" duration-ms="5713" status="PASS">
          <reporter-output>
          </reporter-output>
        </test-method> <!-- VisitButton -->
      </class> <!-- testCaseAndPackageAdvance.TC002 -->
      <class name="testCaseAndPackageAdvance.TC001">
        <test-method signature="SignIn()[pri:0, instance:testCaseAndPackageAdvance.TC001@26ceffa8]" started-at="2022-07-16T18:03:43 BDT" name="SignIn" finished-at="2022-07-16T18:03:54 BDT" duration-ms="11117" status="PASS">
          <reporter-output>
          </reporter-output>
        </test-method> <!-- SignIn -->
      </class> <!-- testCaseAndPackageAdvance.TC001 -->
      <class name="testCaseAndPackageAdvance.TC007">
        <test-method signature="Dropdown()[pri:0, instance:testCaseAndPackageAdvance.TC007@60129b9a]" started-at="2022-07-16T18:04:42 BDT" name="Dropdown" finished-at="2022-07-16T18:05:14 BDT" duration-ms="32639" status="PASS">
          <reporter-output>
          </reporter-output>
        </test-method> <!-- Dropdown -->
      </class> <!-- testCaseAndPackageAdvance.TC007 -->
      <class name="testCaseAndPackageAdvance.TC006">
        <test-method signature="ScrollandRefresh()[pri:0, instance:testCaseAndPackageAdvance.TC006@78d6692f]" started-at="2022-07-16T18:05:14 BDT" name="ScrollandRefresh" finished-at="2022-07-16T18:06:45 BDT" duration-ms="90243" status="PASS">
          <reporter-output>
          </reporter-output>
        </test-method> <!-- ScrollandRefresh -->
      </class> <!-- testCaseAndPackageAdvance.TC006 -->
      <class name="testCaseAndPackageAdvance.TC005">
        <test-method signature="checkRadioandBox()[pri:0, instance:testCaseAndPackageAdvance.TC005@d41f816]" started-at="2022-07-16T18:04:14 BDT" name="checkRadioandBox" finished-at="2022-07-16T18:04:35 BDT" duration-ms="21021" status="PASS">
          <reporter-output>
          </reporter-output>
        </test-method> <!-- checkRadioandBox -->
      </class> <!-- testCaseAndPackageAdvance.TC005 -->
      <class name="webdriver.Basedriver">
        <test-method is-config="true" signature="setup()[pri:0, instance:webdriver.Basedriver@21ba0741]" started-at="2022-07-16T18:03:35 BDT" name="setup" finished-at="2022-07-16T18:03:43 BDT" duration-ms="7799" status="PASS">
          <reporter-output>
          </reporter-output>
        </test-method> <!-- setup -->
        <test-method is-config="true" signature="tearDown()[pri:0, instance:webdriver.Basedriver@21ba0741]" started-at="2022-07-16T18:07:12 BDT" name="tearDown" finished-at="2022-07-16T18:07:14 BDT" duration-ms="1440" status="PASS">
          <reporter-output>
          </reporter-output>
        </test-method> <!-- tearDown -->
      </class> <!-- webdriver.Basedriver -->
      <class name="testCaseAndPackageAdvance.TC004">
        <test-method signature="GetTitleAndSecurity()[pri:0, instance:testCaseAndPackageAdvance.TC004@5c2375a9]" started-at="2022-07-16T18:04:35 BDT" name="GetTitleAndSecurity" finished-at="2022-07-16T18:04:42 BDT" duration-ms="6866" status="PASS">
          <reporter-output>
          </reporter-output>
        </test-method> <!-- GetTitleAndSecurity -->
      </class> <!-- testCaseAndPackageAdvance.TC004 -->
      <class name="testCaseAndPackageAdvance.TC008">
        <test-method signature="ActionSelection()[pri:0, instance:testCaseAndPackageAdvance.TC008@7a55af6b]" started-at="2022-07-16T18:06:45 BDT" name="ActionSelection" finished-at="2022-07-16T18:07:12 BDT" duration-ms="27439" status="PASS">
          <reporter-output>
          </reporter-output>
        </test-method> <!-- ActionSelection -->
      </class> <!-- testCaseAndPackageAdvance.TC008 -->
    </test> <!-- Test -->
  </suite> <!-- Suite -->
</testng-results>
